<?xml version="1.0" encoding="UTF-8"?>
<testng-results ignored="0" total="2" passed="2" failed="0" skipped="0">
  <reporter-output>
  </reporter-output>
  <suite started-at="2023-07-24T10:18:28 IST" name="Default suite" finished-at="2023-07-24T10:19:41 IST" duration-ms="72951">
    <groups>
    </groups>
    <test started-at="2023-07-24T10:18:28 IST" name="Default test" finished-at="2023-07-24T10:19:41 IST" duration-ms="72951">
      <class name="TestCase.Testcase_six_email_trigger">
        <test-method signature="submiting_data()[pri:0, instance:TestCase.Testcase_six_email_trigger@4b741d6d]" started-at="2023-07-24T10:18:29 IST" name="submiting_data" finished-at="2023-07-24T10:19:34 IST" duration-ms="65942" status="PASS">
          <reporter-output>
          </reporter-output>
        </test-method> <!-- submiting_data -->
        <test-method signature="email_trigger()[pri:0, instance:TestCase.Testcase_six_email_trigger@4b741d6d]" started-at="2023-07-24T10:19:34 IST" name="email_trigger" finished-at="2023-07-24T10:19:41 IST" duration-ms="6910" status="PASS">
          <reporter-output>
          </reporter-output>
        </test-method> <!-- email_trigger -->
      </class> <!-- TestCase.Testcase_six_email_trigger -->
    </test> <!-- Default test -->
  </suite> <!-- Default suite -->
</testng-results>
